Determining if the pthread_create exist failed with the following output:
Change Dir: /home/workspace/c3-project/CMakeFiles/CMakeTmp

Run Build Command:"/usr/bin/make" "cmTC_eb504/fast"
/usr/bin/make -f CMakeFiles/cmTC_eb504.dir/build.make CMakeFiles/cmTC_eb504.dir/build
make[1]: Entering directory '/home/workspace/c3-project/CMakeFiles/CMakeTmp'
Building C object CMakeFiles/cmTC_eb504.dir/CheckSymbolExists.c.o
/usr/bin/cc    -o CMakeFiles/cmTC_eb504.dir/CheckSymbolExists.c.o   -c /home/workspace/c3-project/CMakeFiles/CMakeTmp/CheckSymbolExists.c
Linking C executable cmTC_eb504
/usr/local/bin/cmake -E cmake_link_script CMakeFiles/cmTC_eb504.dir/link.txt --verbose=1
/usr/bin/cc      CMakeFiles/cmTC_eb504.dir/CheckSymbolExists.c.o  -o cmTC_eb504 
CMakeFiles/cmTC_eb504.dir/CheckSymbolExists.c.o: In function `main':
CheckSymbolExists.c:(.text+0x1b): undefined reference to `pthread_create'
collect2: error: ld returned 1 exit status
CMakeFiles/cmTC_eb504.dir/build.make:86: recipe for target 'cmTC_eb504' failed
make[1]: *** [cmTC_eb504] Error 1
make[1]: Leaving directory '/home/workspace/c3-project/CMakeFiles/CMakeTmp'
Makefile:121: recipe for target 'cmTC_eb504/fast' failed
make: *** [cmTC_eb504/fast] Error 2

File /home/workspace/c3-project/CMakeFiles/CMakeTmp/CheckSymbolExists.c:
/* */
#include <pthread.h>

int main(int argc, char** argv)
{
  (void)argv;
#ifndef pthread_create
  return ((int*)(&pthread_create))[argc];
#else
  (void)argc;
  return 0;
#endif
}

Determining if the function pthread_create exists in the pthreads failed with the following output:
Change Dir: /home/workspace/c3-project/CMakeFiles/CMakeTmp

Run Build Command:"/usr/bin/make" "cmTC_645de/fast"
/usr/bin/make -f CMakeFiles/cmTC_645de.dir/build.make CMakeFiles/cmTC_645de.dir/build
make[1]: Entering directory '/home/workspace/c3-project/CMakeFiles/CMakeTmp'
Building C object CMakeFiles/cmTC_645de.dir/CheckFunctionExists.c.o
/usr/bin/cc   -DCHECK_FUNCTION_EXISTS=pthread_create   -o CMakeFiles/cmTC_645de.dir/CheckFunctionExists.c.o   -c /usr/local/share/cmake-3.13/Modules/CheckFunctionExists.c
Linking C executable cmTC_645de
/usr/local/bin/cmake -E cmake_link_script CMakeFiles/cmTC_645de.dir/link.txt --verbose=1
/usr/bin/cc  -DCHECK_FUNCTION_EXISTS=pthread_create    CMakeFiles/cmTC_645de.dir/CheckFunctionExists.c.o  -o cmTC_645de -lpthreads 
/usr/bin/ld: cannot find -lpthreads
collect2: error: ld returned 1 exit status
CMakeFiles/cmTC_645de.dir/build.make:86: recipe for target 'cmTC_645de' failed
make[1]: *** [cmTC_645de] Error 1
make[1]: Leaving directory '/home/workspace/c3-project/CMakeFiles/CMakeTmp'
Makefile:121: recipe for target 'cmTC_645de/fast' failed
make: *** [cmTC_645de/fast] Error 2


